#-----------------------------------------------------------
# Vivado v2020.2 (64-bit)
# SW Build 3064766 on Wed Nov 18 09:12:45 MST 2020
# IP Build 3064653 on Wed Nov 18 14:17:31 MST 2020
# Start of session at: Tue May 30 14:14:36 2023
# Process ID: 15408
# Current directory: C:/Users/Thomas/Documents/Travail/Formation/FPGA/TP/TP5/VIVADO/PLL_tp5
# Command line: vivado.exe -gui_launcher_event rodinguilauncherevent21252 C:\Users\Thomas\Documents\Travail\Formation\FPGA\TP\TP5\VIVADO\PLL_tp5\PLL_tp5.xpr
# Log file: C:/Users/Thomas/Documents/Travail/Formation/FPGA/TP/TP5/VIVADO/PLL_tp5/vivado.log
# Journal file: C:/Users/Thomas/Documents/Travail/Formation/FPGA/TP/TP5/VIVADO/PLL_tp5\vivado.jou
#-----------------------------------------------------------
start_gui
open_project C:/Users/Thomas/Documents/Travail/Formation/FPGA/TP/TP5/VIVADO/PLL_tp5/PLL_tp5.xpr
WARNING: [filemgmt 56-3] Default IP Output Path : Could not find the directory 'C:/Users/Thomas/Documents/Travail/Formation/FPGA/TP/TP5/VIVADO/PLL_tp5/PLL_tp5.gen/sources_1'.
Scanning sources...
Finished scanning sources
INFO: [IP_Flow 19-234] Refreshing IP repositories
INFO: [IP_Flow 19-1704] No user IP repositories specified
INFO: [IP_Flow 19-2313] Loaded Vivado IP repository 'C:/Xilinx/Vivado/2020.2/data/ip'.
open_project: Time (s): cpu = 00:00:23 ; elapsed = 00:00:12 . Memory (MB): peak = 1126.906 ; gain = 0.000
update_compile_order -fileset sources_1
export_ip_user_files -of_objects  [get_files C:/Users/Thomas/Documents/Travail/Formation/FPGA/TP/TP5/VIVADO/PLL_tp5/PLL_tp5.srcs/sources_1/imports/TP4/vivado/tp4_led_memory/tp4_led_memory.srcs/sources_1/new/tp4_ledMemory.vhd] -no_script -reset -force -quiet
remove_files  C:/Users/Thomas/Documents/Travail/Formation/FPGA/TP/TP5/VIVADO/PLL_tp5/PLL_tp5.srcs/sources_1/imports/TP4/vivado/tp4_led_memory/tp4_led_memory.srcs/sources_1/new/tp4_ledMemory.vhd
update_compile_order -fileset sources_1
update_compile_order -fileset sources_1
export_ip_user_files -of_objects  [get_files C:/Users/Thomas/Documents/Travail/Formation/FPGA/TP/TP5/VIVADO/PLL_tp5/PLL_tp5.srcs/sources_1/imports/TP4/counter.vhd] -no_script -reset -force -quiet
export_ip_user_files -of_objects  [get_files C:/Users/Thomas/Documents/Travail/Formation/FPGA/TP/TP5/VIVADO/PLL_tp5/PLL_tp5.srcs/sources_1/imports/vivado/counter.vhd] -no_script -reset -force -quiet
remove_files  {C:/Users/Thomas/Documents/Travail/Formation/FPGA/TP/TP5/VIVADO/PLL_tp5/PLL_tp5.srcs/sources_1/imports/TP4/counter.vhd C:/Users/Thomas/Documents/Travail/Formation/FPGA/TP/TP5/VIVADO/PLL_tp5/PLL_tp5.srcs/sources_1/imports/vivado/counter.vhd}
add_files -norecurse {C:/Users/Thomas/Documents/Travail/Formation/FPGA/TP/TP5/VIVADO/PLL_tp5/tp5_PLL.vhd C:/Users/Thomas/Documents/Travail/Formation/FPGA/TP/TP5/VIVADO/PLL_tp5/counter.vhd}
update_compile_order -fileset sources_1
update_compile_order -fileset sources_1
update_compile_order -fileset sources_1
update_compile_order -fileset sources_1
update_compile_order -fileset sources_1
add_files -norecurse C:/Users/Thomas/Documents/Travail/Formation/FPGA/TP/TP5/VIVADO/PLL_tp5/led_driver.vhd
update_compile_order -fileset sources_1
update_compile_order -fileset sources_1
update_compile_order -fileset sources_1
exit
INFO: [Common 17-206] Exiting Vivado at Tue May 30 17:33:53 2023...
